SUMMARY OF C0NVERGENCE INFORMATION
  STEP   INC  ITER    CONT.   RESID.        CORR.      RESID.      CORR.
                       EL.    FORCE         DISP       FLUX        TEMP.
                       (#)     (%)           (%)        (%)         (%)
     1     1     1       0  0.0000E+00  0.0000E+00  0.1051E+04  0.1000E+03
     1     1     2       0  0.0000E+00  0.0000E+00  0.1087E+02  0.1221E+01
     1     1     3       0  0.0000E+00  0.0000E+00  0.1807E+00  0.1199E-01
     1     2     1       0  0.0000E+00  0.0000E+00  0.1751E+03  0.1000E+03
     1     2     2       0  0.0000E+00  0.0000E+00  0.2674E+01  0.1104E+01
     1     2     3       0  0.0000E+00  0.0000E+00  0.4347E-01  0.1957E-01
     1     3     1       0  0.0000E+00  0.0000E+00  0.3736E+03  0.1000E+03
     1     3     2       0  0.0000E+00  0.0000E+00  0.2415E+01  0.9900E+00
     1     3     3       0  0.0000E+00  0.0000E+00  0.2348E-01  0.2300E-01
     1     4     1       0  0.0000E+00  0.0000E+00  0.6904E+03  0.1000E+03
     1     4     2       0  0.0000E+00  0.0000E+00  0.1059E+02  0.1552E+01
     1     4     3       0  0.0000E+00  0.0000E+00  0.9788E-01  0.1721E-01
     1     5     1       0  0.0000E+00  0.0000E+00  0.1116E+04  0.1000E+03
     1     5     2       0  0.0000E+00  0.0000E+00  0.3392E+02  0.3008E+01
     1     5     3       0  0.0000E+00  0.0000E+00  0.5941E+00  0.5578E-01
     1     5     4       0  0.0000E+00  0.0000E+00  0.7411E-02  0.7904E-03
     1     6     1       0  0.0000E+00  0.0000E+00  0.1629E+04  0.1000E+03
     1     6     2       0  0.0000E+00  0.0000E+00  0.8744E+02  0.5194E+01
     1     6     3       0  0.0000E+00  0.0000E+00  0.2623E+01  0.1646E+00
     1     6     4       0  0.0000E+00  0.0000E+00  0.5464E-01  0.3882E-02
     1     7     1       0  0.0000E+00  0.0000E+00  0.2175E+04  0.1000E+03
     1     7     2       0  0.0000E+00  0.0000E+00  0.1873E+03  0.8112E+01
     1     7     3       0  0.0000E+00  0.0000E+00  0.8837E+01  0.4039E+00
     1     7     4       0  0.0000E+00  0.0000E+00  0.2987E+00  0.1515E-01
     1     8     1       0  0.0000E+00  0.0000E+00  0.2349E+04  0.1000E+03
     1     8     2       0  0.0000E+00  0.0000E+00  0.2670E+03  0.1065E+02
     1     8     3       0  0.0000E+00  0.0000E+00  0.1680E+02  0.7126E+00
     1     8     4       0  0.0000E+00  0.0000E+00  0.7942E+00  0.3657E-01
     1     8     5       0  0.0000E+00  0.0000E+00  0.2892E-01  0.1477E-02
     1     9     1       0  0.0000E+00  0.0000E+00  0.9639E+03  0.1000E+03
     1     9     2       0  0.0000E+00  0.0000E+00  0.1002E+03  0.8278E+01
     1     9     3       0  0.0000E+00  0.0000E+00  0.5541E+01  0.4991E+00
     1     9     4       0  0.0000E+00  0.0000E+00  0.2107E+00  0.2111E-01
     1    10     1       0  0.0000E+00  0.0000E+00  0.5372E+03  0.1000E+03
     1    10     2       0  0.0000E+00  0.0000E+00  0.4698E+02  0.6306E+01
     1    10     3       0  0.0000E+00  0.0000E+00  0.2476E+01  0.3762E+00
     1    10     4       0  0.0000E+00  0.0000E+00  0.8494E-01  0.1442E-01
     1    11     1       0  0.0000E+00  0.0000E+00  0.4513E+03  0.1000E+03
     1    11     2       0  0.0000E+00  0.0000E+00  0.4262E+02  0.6232E+01
     1    11     3       0  0.0000E+00  0.0000E+00  0.2279E+01  0.3766E+00
     1    11     4       0  0.0000E+00  0.0000E+00  0.8504E-01  0.1542E-01
     1    12     1       0  0.0000E+00  0.0000E+00  0.3733E+03  0.1000E+03
     1    12     2       0  0.0000E+00  0.0000E+00  0.3476E+02  0.6143E+01
     1    12     3       0  0.0000E+00  0.0000E+00  0.1920E+01  0.3740E+00
     1    12     4       0  0.0000E+00  0.0000E+00  0.7681E-01  0.1580E-01
     1    13     1       0  0.0000E+00  0.0000E+00  0.2831E+03  0.1000E+03
     1    13     2       0  0.0000E+00  0.0000E+00  0.2618E+02  0.6039E+01
     1    13     3       0  0.0000E+00  0.0000E+00  0.1543E+01  0.3328E+00
     1    13     4       0  0.0000E+00  0.0000E+00  0.6722E-01  0.1461E-01
     1    14     1       0  0.0000E+00  0.0000E+00  0.1986E+03  0.1000E+03
     1    14     2       0  0.0000E+00  0.0000E+00  0.1897E+02  0.6333E+01
     1    14     3       0  0.0000E+00  0.0000E+00  0.1229E+01  0.3532E+00
     1    14     4       0  0.0000E+00  0.0000E+00  0.5859E-01  0.1523E-01
     1    15     1       0  0.0000E+00  0.0000E+00  0.1695E+03  0.1000E+03
     1    15     2       0  0.0000E+00  0.0000E+00  0.1390E+02  0.6647E+01
     1    15     3       0  0.0000E+00  0.0000E+00  0.1006E+01  0.3622E+00
     1    15     4       0  0.0000E+00  0.0000E+00  0.5116E-01  0.1658E-01
     1    16     1       0  0.0000E+00  0.0000E+00  0.1576E+03  0.1000E+03
     1    16     2       0  0.0000E+00  0.0000E+00  0.1153E+02  0.5700E+01
     1    16     3       0  0.0000E+00  0.0000E+00  0.8369E+00  0.3154E+00
     1    16     4       0  0.0000E+00  0.0000E+00  0.4254E-01  0.1388E-01
     1    17     1       0  0.0000E+00  0.0000E+00  0.1916E+03  0.1000E+03
     1    17     2       0  0.0000E+00  0.0000E+00  0.1100E+02  0.4593E+01
     1    17     3       0  0.0000E+00  0.0000E+00  0.6653E+00  0.2449E+00
     1    17     4       0  0.0000E+00  0.0000E+00  0.3118E-01  0.9177E-02
     1    18     1       0  0.0000E+00  0.0000E+00  0.2031E+03  0.1000E+03
     1    18     2       0  0.0000E+00  0.0000E+00  0.9608E+01  0.3902E+01
     1    18     3       0  0.0000E+00  0.0000E+00  0.4555E+00  0.1721E+00
     1    19     1       0  0.0000E+00  0.0000E+00  0.1407E+03  0.1000E+03
     1    19     2       0  0.0000E+00  0.0000E+00  0.5804E+01  0.2774E+01
     1    19     3       0  0.0000E+00  0.0000E+00  0.1878E+00  0.8991E-01
     2     1     1       0  0.0000E+00  0.0000E+00  0.1591E+02  0.1000E+03
     2     1     2       0  0.0000E+00  0.0000E+00  0.6101E-02  0.6172E-01
     2     2     1       0  0.0000E+00  0.0000E+00  0.2428E+02  0.1000E+03
     2     2     2       0  0.0000E+00  0.0000E+00  0.2406E-01  0.1197E+00
     2     3     1       0  0.0000E+00  0.0000E+00  0.4916E+02  0.1000E+03
     2     3     2       0  0.0000E+00  0.0000E+00  0.1651E+00  0.3596E+00
     2     4     1       0  0.0000E+00  0.0000E+00  0.9486E+02  0.1000E+03
     2     4     2       0  0.0000E+00  0.0000E+00  0.7559E+00  0.8416E+00
     2     4     3       0  0.0000E+00  0.0000E+00  0.4177E-02  0.4839E-02
     2     5     1       0  0.0000E+00  0.0000E+00  0.1782E+03  0.1000E+03
     2     5     2       0  0.0000E+00  0.0000E+00  0.2929E+01  0.1728E+01
     2     5     3       0  0.0000E+00  0.0000E+00  0.3266E-01  0.2003E-01
     2     6     1       0  0.0000E+00  0.0000E+00  0.3283E+03  0.1000E+03
     2     6     2       0  0.0000E+00  0.0000E+00  0.1040E+02  0.3314E+01
     2     6     3       0  0.0000E+00  0.0000E+00  0.2225E+00  0.7364E-01
     2     7     1       0  0.0000E+00  0.0000E+00  0.5931E+03  0.1000E+03
     2     7     2       0  0.0000E+00  0.0000E+00  0.3531E+02  0.6183E+01
     2     7     3       0  0.0000E+00  0.0000E+00  0.1425E+01  0.2616E+00
     2     7     4       0  0.0000E+00  0.0000E+00  0.4328E-01  0.8613E-02
     2     8     1       0  0.0000E+00  0.0000E+00  0.8372E+03  0.1000E+03
     2     8     2       0  0.0000E+00  0.0000E+00  0.7431E+02  0.9258E+01
     2     8     3       0  0.0000E+00  0.0000E+00  0.4157E+01  0.5460E+00
     2     8     4       0  0.0000E+00  0.0000E+00  0.1710E+00  0.2429E-01
     2     9     1       0  0.0000E+00  0.0000E+00  0.6023E+03  0.1000E+03
     2     9     2       0  0.0000E+00  0.0000E+00  0.6180E+02  0.9204E+01
     2     9     3       0  0.0000E+00  0.0000E+00  0.3795E+01  0.6093E+00
     2     9     4       0  0.0000E+00  0.0000E+00  0.1563E+00  0.2788E-01
     2    10     1       0  0.0000E+00  0.0000E+00  0.4798E+03  0.1000E+03
     2    10     2       0  0.0000E+00  0.0000E+00  0.5175E+02  0.8468E+01
     2    10     3       0  0.0000E+00  0.0000E+00  0.3240E+01  0.5871E+00
     2    10     4       0  0.0000E+00  0.0000E+00  0.1310E+00  0.2671E-01
     2    11     1       0  0.0000E+00  0.0000E+00  0.3576E+03  0.1000E+03
     2    11     2       0  0.0000E+00  0.0000E+00  0.3823E+02  0.7932E+01
     2    11     3       0  0.0000E+00  0.0000E+00  0.2401E+01  0.5509E+00
     2    11     4       0  0.0000E+00  0.0000E+00  0.9733E-01  0.2488E-01
     2    12     1       0  0.0000E+00  0.0000E+00  0.2408E+03  0.1000E+03
     2    12     2       0  0.0000E+00  0.0000E+00  0.2484E+02  0.6781E+01
     2    12     3       0  0.0000E+00  0.0000E+00  0.1571E+01  0.4595E+00
     2    12     4       0  0.0000E+00  0.0000E+00  0.6629E-01  0.2074E-01
     2    13     1       0  0.0000E+00  0.0000E+00  0.2019E+03  0.1000E+03
     2    13     2       0  0.0000E+00  0.0000E+00  0.1502E+02  0.7071E+01
     2    13     3       0  0.0000E+00  0.0000E+00  0.9959E+00  0.3919E+00
     2    13     4       0  0.0000E+00  0.0000E+00  0.4426E-01  0.1626E-01
     2    14     1       0  0.0000E+00  0.0000E+00  0.1837E+03  0.1000E+03
     2    14     2       0  0.0000E+00  0.0000E+00  0.9366E+01  0.6598E+01
     2    14     3       0  0.0000E+00  0.0000E+00  0.6380E+00  0.4001E+00
     2    14     4       0  0.0000E+00  0.0000E+00  0.3032E-01  0.1650E-01
     2    15     1       0  0.0000E+00  0.0000E+00  0.1985E+03  0.1000E+03
     2    15     2       0  0.0000E+00  0.0000E+00  0.9567E+01  0.5406E+01
     2    15     3       0  0.0000E+00  0.0000E+00  0.4229E+00  0.3099E+00
     2    16     1       0  0.0000E+00  0.0000E+00  0.1985E+03  0.1000E+03
     2    16     2       0  0.0000E+00  0.0000E+00  0.8559E+01  0.4626E+01
     2    16     3       0  0.0000E+00  0.0000E+00  0.2829E+00  0.2213E+00
     2    17     1       0  0.0000E+00  0.0000E+00  0.1472E+03  0.1000E+03
     2    17     2       0  0.0000E+00  0.0000E+00  0.5318E+01  0.3489E+01
     2    17     3       0  0.0000E+00  0.0000E+00  0.1489E+00  0.1310E+00
